TN:
SF:E:\Projects\dltfd\packages\dltfd-routing\flattenRoutes.js
FN:1,flattenRoutes
FN:14,(anonymous_1)
FNF:2
FNH:2
FNDA:4,flattenRoutes
FNDA:1,(anonymous_1)
DA:1,1
DA:2,4
DA:4,4
DA:5,3
DA:6,3
DA:9,4
DA:11,2
DA:13,2
DA:14,1
DA:15,1
DA:16,1
DA:18,1
DA:22,2
DA:25,4
LF:14
LH:14
BRDA:4,0,0,3
BRDA:4,0,1,1
BRDA:4,1,0,4
BRDA:4,1,1,3
BRDA:9,2,0,2
BRDA:9,2,1,2
BRDA:13,3,0,1
BRDA:13,3,1,1
BRDA:15,4,0,1
BRDA:15,4,1,0
BRF:10
BRH:9
end_of_record
TN:
SF:E:\Projects\dltfd\packages\dltfd-routing\tests\flattenRoutes.js
FNF:0
FNH:0
DA:1,1
DA:2,1
DA:4,1
DA:14,1
LF:4
LH:4
BRF:0
BRH:0
end_of_record
